{"G:\\namaste react\\src\\components\\Sum.js": {"path":"G:\\namaste react\\src\\components\\Sum.js","statementMap":{"0":{"start":{"line":2,"column":17},"end":{"line":4,"column":1}},"1":{"start":{"line":3,"column":4},"end":{"line":3,"column":16}}},"fnMap":{"0":{"name":"(anonymous_0)","decl":{"start":{"line":2,"column":17},"end":{"line":2,"column":18}},"loc":{"start":{"line":2,"column":24},"end":{"line":4,"column":1}},"line":2}},"branchMap":{},"s":{"0":1,"1":1},"f":{"0":1},"b":{},"_coverageSchema":"1a1c01bbd47fc00a2c39e90264f33305004495a9","hash":"6bbad26583a9c8507d69cdab8aa03405d644f434"}
}
